<?xml version="1.0" encoding="UTF-8"?>
<!-- Generated by org.testng.reporters.JUnitReportReporter -->
<testsuite hostname="Sayantan" failures="0" tests="1" name="automationTesting.SauceDemoTest" time="9.919" errors="0" timestamp="2024-08-11T08:27:54 IST" skipped="0">
  <testcase classname="automationTesting.SauceDemoTest" name="testSuccessfulLogin" time="9.919"/>
  <system-out/>
</testsuite> <!-- automationTesting.SauceDemoTest -->
